<?xml version="1.0" encoding="UTF-8"?>
<!-- Generated by org.testng.reporters.JUnitReportReporter -->
<testsuite hostname="DESKTOP-6JUGJ4I" failures="0" tests="1" name="com.Agoda.WebApp.Tests.SignInPageTest" time="7.995" errors="0" timestamp="2022-12-16T19:30:43 IST" skipped="0">
  <testcase classname="com.Agoda.WebApp.Tests.SignInPageTest" name="TC_AGODA_SignInPage_101" time="7.995"/>
  <system-out/>
</testsuite> <!-- com.Agoda.WebApp.Tests.SignInPageTest -->
