<?xml version="1.0" encoding="UTF-8"?>
<!-- Generated by org.testng.reporters.JUnitReportReporter -->
<testsuite hostname="DESKTOP-6JUGJ4I" failures="0" tests="3" name="com.Agoda.WebApp.Tests.HomePageTest" time="13.825" errors="0" timestamp="2022-12-16T19:14:30 IST" skipped="0">
  <testcase classname="com.Agoda.WebApp.Tests.HomePageTest" name="TC_AGODA_HomePage_001" time="4.216"/>
  <system-out/>
  <testcase classname="com.Agoda.WebApp.Tests.HomePageTest" name="TC_AGODA_HomePage_003" time="6.142"/>
  <system-out/>
  <testcase classname="com.Agoda.WebApp.Tests.HomePageTest" name="TC_AGODA_HomePage_002" time="3.467"/>
  <system-out/>
</testsuite> <!-- com.Agoda.WebApp.Tests.HomePageTest -->
