<?xml version="1.0" encoding="UTF-8"?>
<!-- Generated by org.testng.reporters.JUnitReportReporter -->
<testsuite hostname="DESKTOP-6JUGJ4I" failures="0" tests="6" name="com.TripAdvisor.WebApp.Tests.HomePageTest" time="75.767" errors="0" timestamp="2022-12-20T17:43:11 IST" skipped="0">
  <testcase classname="com.TripAdvisor.WebApp.Tests.HomePageTest" name="TC_TripAdvisor_HomePage_003" time="21.427"/>
  <system-out/>
  <testcase classname="com.TripAdvisor.WebApp.Tests.HomePageTest" name="TC_TripAdvisor_HomePage_002" time="3.757"/>
  <system-out/>
  <testcase classname="com.TripAdvisor.WebApp.Tests.HomePageTest" name="TC_TripAdvisor_HomePage_001" time="35.196"/>
  <system-out/>
  <testcase classname="com.TripAdvisor.WebApp.Tests.HomePageTest" name="TC_TripAdvisor_HomePage_003" time="5.056"/>
  <system-out/>
  <testcase classname="com.TripAdvisor.WebApp.Tests.HomePageTest" name="TC_TripAdvisor_HomePage_001" time="5.595"/>
  <system-out/>
  <testcase classname="com.TripAdvisor.WebApp.Tests.HomePageTest" name="TC_TripAdvisor_HomePage_002" time="4.736"/>
  <system-out/>
</testsuite> <!-- com.TripAdvisor.WebApp.Tests.HomePageTest -->
